<?xml version="1.0" encoding="UTF-8"?>
<!-- Generated by org.testng.reporters.JUnitReportReporter -->
<testsuite skipped="0" hostname="MX-IT01128" name="com.nest.example.client.MyGrpcTest" tests="1" failures="0" timestamp="13 Apr 2018 17:44:37 GMT" time="0.285" errors="0">
  <testcase name="testGreetingMessage" time="0.285" classname="com.nest.example.client.MyGrpcTest"/>
</testsuite> <!-- com.nest.example.client.MyGrpcTest -->
